<?xml version="1.0" encoding="UTF-8"?>
<testng-results skipped="0" failed="0" ignored="0" total="1" passed="1">
  <reporter-output>
  </reporter-output>
  <suite name="Command line suite" duration-ms="1" started-at="2020-02-10T02:05:39Z" finished-at="2020-02-10T02:05:39Z">
    <groups>
    </groups>
    <test name="Command line test" duration-ms="1" started-at="2020-02-10T02:05:39Z" finished-at="2020-02-10T02:05:39Z">
      <class name="newTests.TestServiceLogin">
        <test-method status="PASS" signature="testSignIn()[pri:0, instance:newTests.TestServiceLogin@3e8f7922]" name="testSignIn" duration-ms="0" started-at="2020-02-10T02:05:39Z" finished-at="2020-02-10T02:05:39Z">
          <reporter-output>
          </reporter-output>
        </test-method> <!-- testSignIn -->
        <test-method status="PASS" signature="setUp()[pri:0, instance:newTests.TestServiceLogin@3e8f7922]" name="setUp" is-config="true" duration-ms="0" started-at="2020-02-10T02:05:39Z" finished-at="2020-02-10T02:05:39Z">
          <reporter-output>
          </reporter-output>
        </test-method> <!-- setUp -->
        <test-method status="PASS" signature="tearDown()[pri:0, instance:newTests.TestServiceLogin@3e8f7922]" name="tearDown" is-config="true" duration-ms="0" started-at="2020-02-10T02:05:39Z" finished-at="2020-02-10T02:05:39Z">
          <reporter-output>
          </reporter-output>
        </test-method> <!-- tearDown -->
      </class> <!-- newTests.TestServiceLogin -->
    </test> <!-- Command line test -->
  </suite> <!-- Command line suite -->
</testng-results>
